[Thu Feb 27 14:17:08.835403 2025] [ssl:warn] [pid 27008:tid 400] AH01909: www.example.com:443:0 server certificate does NOT include an ID which matches the server name
[Thu Feb 27 14:17:08.913314 2025] [ssl:warn] [pid 27008:tid 400] AH01909: www.example.com:443:0 server certificate does NOT include an ID which matches the server name
[Thu Feb 27 14:17:08.969365 2025] [mpm_winnt:notice] [pid 27008:tid 400] AH00455: Apache/2.4.58 (Win64) OpenSSL/3.1.3 PHP/8.0.30 configured -- resuming normal operations
[Thu Feb 27 14:17:08.969365 2025] [mpm_winnt:notice] [pid 27008:tid 400] AH00456: Apache Lounge VS17 Server built: Oct 18 2023 13:03:18
[Thu Feb 27 14:17:08.969365 2025] [core:notice] [pid 27008:tid 400] AH00094: Command line: 'C:\\xampp\\apache\\bin\\httpd.exe -d C:/xampp/apache'
[Thu Feb 27 14:17:08.975371 2025] [mpm_winnt:notice] [pid 27008:tid 400] AH00418: Parent: Created child process 21764
[Thu Feb 27 14:17:09.643571 2025] [ssl:warn] [pid 21764:tid 428] AH01909: www.example.com:443:0 server certificate does NOT include an ID which matches the server name
[Thu Feb 27 14:17:09.726483 2025] [ssl:warn] [pid 21764:tid 428] AH01909: www.example.com:443:0 server certificate does NOT include an ID which matches the server name
[Thu Feb 27 14:17:09.764027 2025] [mpm_winnt:notice] [pid 21764:tid 428] AH00354: Child: Starting 150 worker threads.
[Thu Feb 27 14:29:05.576900 2025] [ssl:warn] [pid 7572:tid 448] AH01909: www.example.com:443:0 server certificate does NOT include an ID which matches the server name
[Thu Feb 27 14:29:05.630951 2025] [ssl:warn] [pid 7572:tid 448] AH01909: www.example.com:443:0 server certificate does NOT include an ID which matches the server name
[Thu Feb 27 14:29:05.659890 2025] [mpm_winnt:notice] [pid 7572:tid 448] AH00455: Apache/2.4.58 (Win64) OpenSSL/3.1.3 PHP/8.0.30 configured -- resuming normal operations
[Thu Feb 27 14:29:05.659890 2025] [mpm_winnt:notice] [pid 7572:tid 448] AH00456: Apache Lounge VS17 Server built: Oct 18 2023 13:03:18
[Thu Feb 27 14:29:05.659890 2025] [core:notice] [pid 7572:tid 448] AH00094: Command line: 'c:\\users\\user\\desktop\\gymprojekt\\xampp\\apache\\bin\\httpd.exe -d C:/Users/user/Desktop/GymProjekt/xampp/apache'
[Thu Feb 27 14:29:05.662886 2025] [mpm_winnt:notice] [pid 7572:tid 448] AH00418: Parent: Created child process 22976
[Thu Feb 27 14:29:06.063890 2025] [ssl:warn] [pid 22976:tid 444] AH01909: www.example.com:443:0 server certificate does NOT include an ID which matches the server name
[Thu Feb 27 14:29:06.112898 2025] [ssl:warn] [pid 22976:tid 444] AH01909: www.example.com:443:0 server certificate does NOT include an ID which matches the server name
[Thu Feb 27 14:29:06.137893 2025] [mpm_winnt:notice] [pid 22976:tid 444] AH00354: Child: Starting 150 worker threads.
[Thu Feb 27 14:31:18.022288 2025] [php:warn] [pid 22976:tid 1860] [client ::1:52056] PHP Warning:  mysqli::__construct(): (HY000/1049): Unknown database 'gymdb' in C:\\Users\\user\\Desktop\\GymProjekt\\xampp\\htdocs\\projekt\\db.php on line 8, referer: http://localhost/projekt/index.php
[Thu Feb 27 14:47:16.676635 2025] [php:error] [pid 22976:tid 1836] [client ::1:53222] PHP Fatal error:  Uncaught Error: Call to a member function bind_param() on bool in C:\\Users\\user\\Desktop\\GymProjekt\\xampp\\htdocs\\projekt\\members.php:21\nStack trace:\n#0 {main}\n  thrown in C:\\Users\\user\\Desktop\\GymProjekt\\xampp\\htdocs\\projekt\\members.php on line 21, referer: http://localhost/projekt/members.php
